# JRE version: OpenJDK Runtime Environment (17.0.10) (build 17.0.10+0--11572160)
# Java VM: OpenJDK 64-Bit Server VM (17.0.10+0--11572160, mixed mode, tiered, compressed oops, compressed class ptrs, g1 gc, windows-amd64)
GC Precious Log:
 CPUs: 4 total, 4 available
 Memory: 3930M
 Large Page Support: Disabled
 NUMA Support: Disabled
 Compressed Oops: Enabled (32-bit)
 Heap Region Size: 1M
 Heap Min Capacity: 8M
 Heap Initial Capacity: 62M
 Heap Max Capacity: 2G
 Pre-touch: Disabled
 Parallel Workers: 4
 Concurrent Workers: 1
 Concurrent Refinement Workers: 4
 Periodic GC: Disabled
Heap:
 garbage-first heap   total 457728K, used 258714K [0x0000000080000000, 0x0000000100000000)
  region size 1024K, 15 young (15360K), 1 survivors (1024K)
 Metaspace       used 198428K, committed 199488K, reserved 1245184K
  class space    used 24501K, committed 25024K, reserved 1048576K
GC Heap History (20 events):
Event: 1261.646 GC heap before
{Heap before GC invocations=162 (full 0):
 garbage-first heap   total 457728K, used 302586K [0x0000000080000000, 0x0000000100000000)
  region size 1024K, 82 young (83968K), 14 survivors (14336K)
 Metaspace       used 186409K, committed 187328K, reserved 1245184K
  class space    used 23093K, committed 23552K, reserved 1048576K
}
Event: 1261.886 GC heap after
{Heap after GC invocations=163 (full 0):
 garbage-first heap   total 457728K, used 235279K [0x0000000080000000, 0x0000000100000000)
  region size 1024K, 4 young (4096K), 4 survivors (4096K)
 Metaspace       used 186409K, committed 187328K, reserved 1245184K
  class space    used 23093K, committed 23552K, reserved 1048576K
}
Event: 1269.179 GC heap before
{Heap before GC invocations=163 (full 0):
 garbage-first heap   total 457728K, used 387855K [0x0000000080000000, 0x0000000100000000)
  region size 1024K, 152 young (155648K), 4 survivors (4096K)
 Metaspace       used 190412K, committed 191360K, reserved 1245184K
  class space    used 23688K, committed 24128K, reserved 1048576K
}
Event: 1269.262 GC heap after
{Heap after GC invocations=164 (full 0):
 garbage-first heap   total 457728K, used 239369K [0x0000000080000000, 0x0000000100000000)
  region size 1024K, 6 young (6144K), 6 survivors (6144K)
 Metaspace       used 190412K, committed 191360K, reserved 1245184K
  class space    used 23688K, committed 24128K, reserved 1048576K
}
Event: 1272.463 GC heap before
{Heap before GC invocations=164 (full 0):
 garbage-first heap   total 457728K, used 391945K [0x0000000080000000, 0x0000000100000000)
  region size 1024K, 153 young (156672K), 6 survivors (6144K)
 Metaspace       used 190851K, committed 191872K, reserved 1245184K
  class space    used 23716K, committed 24192K, reserved 1048576K
}
Event: 1272.502 GC heap after
{Heap after GC invocations=165 (full 0):
 garbage-first heap   total 457728K, used 241134K [0x0000000080000000, 0x0000000100000000)
  region size 1024K, 8 young (8192K), 8 survivors (8192K)
 Metaspace       used 190851K, committed 191872K, reserved 1245184K
  class space    used 23716K, committed 24192K, reserved 1048576K
}
Event: 1273.825 GC heap before
{Heap before GC invocations=165 (full 0):
 garbage-first heap   total 457728K, used 390638K [0x0000000080000000, 0x0000000100000000)
  region size 1024K, 154 young (157696K), 8 survivors (8192K)
 Metaspace       used 190876K, committed 191872K, reserved 1245184K
  class space    used 23717K, committed 24192K, reserved 1048576K
}
Event: 1273.834 GC heap after
{Heap after GC invocations=166 (full 0):
 garbage-first heap   total 457728K, used 235584K [0x0000000080000000, 0x0000000100000000)
  region size 1024K, 5 young (5120K), 5 survivors (5120K)
 Metaspace       used 190876K, committed 191872K, reserved 1245184K
  class space    used 23717K, committed 24192K, reserved 1048576K
}
Event: 1303.388 GC heap before
{Heap before GC invocations=166 (full 0):
 garbage-first heap   total 457728K, used 398400K [0x0000000080000000, 0x0000000100000000)
  region size 1024K, 160 young (163840K), 5 survivors (5120K)
 Metaspace       used 194448K, committed 195392K, reserved 1245184K
  class space    used 24028K, committed 24448K, reserved 1048576K
}
Event: 1303.605 GC heap after
{Heap after GC invocations=167 (full 0):
 garbage-first heap   total 457728K, used 239994K [0x0000000080000000, 0x0000000100000000)
  region size 1024K, 9 young (9216K), 9 survivors (9216K)
 Metaspace       used 194448K, committed 195392K, reserved 1245184K
  class space    used 24028K, committed 24448K, reserved 1048576K
}
Event: 1303.921 GC heap before
{Heap before GC invocations=167 (full 0):
 garbage-first heap   total 457728K, used 275834K [0x0000000080000000, 0x0000000100000000)
  region size 1024K, 45 young (46080K), 9 survivors (9216K)
 Metaspace       used 194475K, committed 195392K, reserved 1245184K
  class space    used 24030K, committed 24448K, reserved 1048576K
}
Event: 1303.977 GC heap after
{Heap after GC invocations=168 (full 0):
 garbage-first heap   total 457728K, used 240685K [0x0000000080000000, 0x0000000100000000)
  region size 1024K, 2 young (2048K), 2 survivors (2048K)
 Metaspace       used 194475K, committed 195392K, reserved 1245184K
  class space    used 24030K, committed 24448K, reserved 1048576K
}
Event: 1990.006 GC heap before
{Heap before GC invocations=168 (full 0):
 garbage-first heap   total 457728K, used 394285K [0x0000000080000000, 0x0000000100000000)
  region size 1024K, 153 young (156672K), 2 survivors (2048K)
 Metaspace       used 198262K, committed 199232K, reserved 1245184K
  class space    used 24489K, committed 24960K, reserved 1048576K
}
Event: 1992.511 GC heap after
{Heap after GC invocations=169 (full 0):
 garbage-first heap   total 457728K, used 245752K [0x0000000080000000, 0x0000000100000000)
  region size 1024K, 7 young (7168K), 7 survivors (7168K)
 Metaspace       used 198262K, committed 199232K, reserved 1245184K
  class space    used 24489K, committed 24960K, reserved 1048576K
}
Event: 2523.345 GC heap before
{Heap before GC invocations=169 (full 0):
 garbage-first heap   total 457728K, used 260088K [0x0000000080000000, 0x0000000100000000)
  region size 1024K, 22 young (22528K), 7 survivors (7168K)
 Metaspace       used 198298K, committed 199296K, reserved 1245184K
  class space    used 24489K, committed 24960K, reserved 1048576K
}
Event: 2524.344 GC heap after
{Heap after GC invocations=170 (full 0):
 garbage-first heap   total 457728K, used 246297K [0x0000000080000000, 0x0000000100000000)
  region size 1024K, 1 young (1024K), 1 survivors (1024K)
 Metaspace       used 198298K, committed 199296K, reserved 1245184K
  class space    used 24489K, committed 24960K, reserved 1048576K
}
Event: 3644.496 GC heap before
{Heap before GC invocations=170 (full 0):
 garbage-first heap   total 457728K, used 267801K [0x0000000080000000, 0x0000000100000000)
  region size 1024K, 22 young (22528K), 1 survivors (1024K)
 Metaspace       used 198334K, committed 199360K, reserved 1245184K
  class space    used 24489K, committed 24960K, reserved 1048576K
}
Event: 3644.647 GC heap after
{Heap after GC invocations=171 (full 0):
 garbage-first heap   total 457728K, used 245568K [0x0000000080000000, 0x0000000100000000)
  region size 1024K, 1 young (1024K), 1 survivors (1024K)
 Metaspace       used 198334K, committed 199360K, reserved 1245184K
  class space    used 24489K, committed 24960K, reserved 1048576K
}
Event: 4764.596 GC heap before
{Heap before GC invocations=171 (full 0):
 garbage-first heap   total 457728K, used 267072K [0x0000000080000000, 0x0000000100000000)
  region size 1024K, 22 young (22528K), 1 survivors (1024K)
 Metaspace       used 198354K, committed 199360K, reserved 1245184K
  class space    used 24489K, committed 24960K, reserved 1048576K
}
Event: 4764.729 GC heap after
{Heap after GC invocations=172 (full 0):
 garbage-first heap   total 457728K, used 245402K [0x0000000080000000, 0x0000000100000000)
  region size 1024K, 1 young (1024K), 1 survivors (1024K)
 Metaspace       used 198354K, committed 199360K, reserved 1245184K
  class space    used 24489K, committed 24960K, reserved 1048576K
}

